<?xml version="1.0" encoding="UTF-8"?>
<testsuite name="com.huchuchu.book.domain.posts.PostsRepositoryTest" tests="2" skipped="0" failures="0" errors="0" timestamp="2021-03-20T02:44:54" hostname="DESKTOP-ESCRG64" time="0.52">
  <properties/>
  <testcase name="게시글저장_불러오기()" classname="com.huchuchu.book.domain.posts.PostsRepositoryTest" time="0.487"/>
  <testcase name="BaseTimeEntity_등록()" classname="com.huchuchu.book.domain.posts.PostsRepositoryTest" time="0.032"/>
  <system-out><![CDATA[2021-03-20 11:44:46.212  INFO 19300 --- [    Test worker] .b.t.c.SpringBootTestContextBootstrapper : Neither @ContextConfiguration nor @ContextHierarchy found for test class [com.huchuchu.book.domain.posts.PostsRepositoryTest], using SpringBootContextLoader
2021-03-20 11:44:46.213  INFO 19300 --- [    Test worker] o.s.t.c.support.AbstractContextLoader    : Could not detect default resource locations for test class [com.huchuchu.book.domain.posts.PostsRepositoryTest]: no resource found for suffixes {-context.xml, Context.groovy}.
2021-03-20 11:44:46.213  INFO 19300 --- [    Test worker] t.c.s.AnnotationConfigContextLoaderUtils : Could not detect default configuration classes for test class [com.huchuchu.book.domain.posts.PostsRepositoryTest]: PostsRepositoryTest does not declare any static, non-private, non-final, nested classes annotated with @Configuration.
2021-03-20 11:44:46.227  INFO 19300 --- [    Test worker] .b.t.c.SpringBootTestContextBootstrapper : Found @SpringBootConfiguration com.huchuchu.book.Applicaion for test class com.huchuchu.book.domain.posts.PostsRepositoryTest
2021-03-20 11:44:46.233  INFO 19300 --- [    Test worker] .b.t.c.SpringBootTestContextBootstrapper : Loaded default TestExecutionListener class names from location [META-INF/spring.factories]: [org.springframework.security.test.context.support.WithSecurityContextTestExecutionListener, org.springframework.security.test.context.support.ReactorContextTestExecutionListener, org.springframework.boot.test.autoconfigure.restdocs.RestDocsTestExecutionListener, org.springframework.boot.test.autoconfigure.web.client.MockRestServiceServerResetTestExecutionListener, org.springframework.boot.test.autoconfigure.web.servlet.MockMvcPrintOnlyOnFailureTestExecutionListener, org.springframework.boot.test.autoconfigure.web.servlet.WebDriverTestExecutionListener, org.springframework.boot.test.autoconfigure.webservices.client.MockWebServiceServerTestExecutionListener, org.springframework.boot.test.mock.mockito.MockitoTestExecutionListener, org.springframework.boot.test.mock.mockito.ResetMocksTestExecutionListener, org.springframework.test.context.web.ServletTestExecutionListener, org.springframework.test.context.support.DirtiesContextBeforeModesTestExecutionListener, org.springframework.test.context.support.DependencyInjectionTestExecutionListener, org.springframework.test.context.support.DirtiesContextTestExecutionListener, org.springframework.test.context.transaction.TransactionalTestExecutionListener, org.springframework.test.context.jdbc.SqlScriptsTestExecutionListener, org.springframework.test.context.event.EventPublishingTestExecutionListener]
2021-03-20 11:44:46.235  INFO 19300 --- [    Test worker] .b.t.c.SpringBootTestContextBootstrapper : Using TestExecutionListeners: [org.springframework.test.context.web.ServletTestExecutionListener@6182f4d4, org.springframework.test.context.support.DirtiesContextBeforeModesTestExecutionListener@297bbee3, org.springframework.boot.test.mock.mockito.MockitoTestExecutionListener@5e40c131, org.springframework.boot.test.autoconfigure.SpringBootDependencyInjectionTestExecutionListener@ccd65cc, org.springframework.test.context.support.DirtiesContextTestExecutionListener@7a9f14d5, org.springframework.test.context.transaction.TransactionalTestExecutionListener@e6731c3, org.springframework.test.context.jdbc.SqlScriptsTestExecutionListener@56f63077, org.springframework.security.test.context.support.WithSecurityContextTestExecutionListener@3172cc60, org.springframework.test.context.event.EventPublishingTestExecutionListener@33c95f27, org.springframework.security.test.context.support.ReactorContextTestExecutionListener@41799b4, org.springframework.boot.test.autoconfigure.restdocs.RestDocsTestExecutionListener@630564c9, org.springframework.boot.test.autoconfigure.web.client.MockRestServiceServerResetTestExecutionListener@4433b505, org.springframework.boot.test.autoconfigure.web.servlet.MockMvcPrintOnlyOnFailureTestExecutionListener@3d7aeac3, org.springframework.boot.test.autoconfigure.web.servlet.WebDriverTestExecutionListener@5180ee1, org.springframework.boot.test.autoconfigure.webservices.client.MockWebServiceServerTestExecutionListener@4d7311a7, org.springframework.boot.test.mock.mockito.ResetMocksTestExecutionListener@14310e91]

  .   ____          _            __ _ _
 /\\ / ___'_ __ _ _(_)_ __  __ _ \ \ \ \
( ( )\___ | '_ | '_| | '_ \/ _` | \ \ \ \
 \\/  ___)| |_)| | | | | || (_| |  ) ) ) )
  '  |____| .__|_| |_|_| |_\__, | / / / /
 =========|_|==============|___/=/_/_/_/
 :: Spring Boot ::                (v2.4.1)

2021-03-20 11:44:46.280  INFO 19300 --- [    Test worker] c.h.b.domain.posts.PostsRepositoryTest   : Starting PostsRepositoryTest using Java 11.0.10 on DESKTOP-ESCRG64 with PID 19300 (started by sulki in E:\freelec-springboot2-webservice)
2021-03-20 11:44:46.281  INFO 19300 --- [    Test worker] c.h.b.domain.posts.PostsRepositoryTest   : No active profile set, falling back to default profiles: default
2021-03-20 11:44:46.863  INFO 19300 --- [    Test worker] .s.d.r.c.RepositoryConfigurationDelegate : Bootstrapping Spring Data JPA repositories in DEFAULT mode.
2021-03-20 11:44:46.953  INFO 19300 --- [    Test worker] .s.d.r.c.RepositoryConfigurationDelegate : Finished Spring Data repository scanning in 65 ms. Found 2 JPA repository interfaces.
2021-03-20 11:44:47.764  INFO 19300 --- [    Test worker] com.zaxxer.hikari.HikariDataSource       : HikariPool-1 - Starting...
2021-03-20 11:44:48.171  INFO 19300 --- [    Test worker] com.zaxxer.hikari.HikariDataSource       : HikariPool-1 - Start completed.
2021-03-20 11:44:48.362  INFO 19300 --- [    Test worker] o.hibernate.jpa.internal.util.LogHelper  : HHH000204: Processing PersistenceUnitInfo [name: default]
2021-03-20 11:44:48.504  INFO 19300 --- [    Test worker] org.hibernate.Version                    : HHH000412: Hibernate ORM core version 5.4.25.Final
2021-03-20 11:44:48.635  INFO 19300 --- [    Test worker] o.hibernate.annotations.common.Version   : HCANN000001: Hibernate Commons Annotations {5.1.2.Final}
2021-03-20 11:44:49.060  INFO 19300 --- [    Test worker] org.hibernate.dialect.Dialect            : HHH000400: Using dialect: org.hibernate.dialect.MySQL5InnoDBDialect
Hibernate: drop table if exists posts
Hibernate: drop table if exists user
Hibernate: create table posts (id bigint not null auto_increment, create_date datetime, modified_date datetime, author varchar(255), content TEXT not null, title varchar(500) not null, primary key (id)) engine=InnoDB
Hibernate: create table user (id bigint not null auto_increment, create_date datetime, modified_date datetime, email varchar(255) not null, name varchar(255) not null, picture varchar(255), role varchar(255) not null, primary key (id)) engine=InnoDB
2021-03-20 11:44:50.487  INFO 19300 --- [    Test worker] o.h.e.t.j.p.i.JtaPlatformInitiator       : HHH000490: Using JtaPlatform implementation: [org.hibernate.engine.transaction.jta.platform.internal.NoJtaPlatform]
2021-03-20 11:44:50.504  INFO 19300 --- [    Test worker] j.LocalContainerEntityManagerFactoryBean : Initialized JPA EntityManagerFactory for persistence unit 'default'
2021-03-20 11:44:51.620  WARN 19300 --- [    Test worker] JpaBaseConfiguration$JpaWebConfiguration : spring.jpa.open-in-view is enabled by default. Therefore, database queries may be performed during view rendering. Explicitly configure spring.jpa.open-in-view to disable this warning
2021-03-20 11:44:52.458  INFO 19300 --- [    Test worker] o.s.s.web.DefaultSecurityFilterChain     : Will secure any request with [org.springframework.security.web.context.request.async.WebAsyncManagerIntegrationFilter@3a3f6c1, org.springframework.security.web.context.SecurityContextPersistenceFilter@2cfb4130, org.springframework.security.web.header.HeaderWriterFilter@790e811, org.springframework.security.web.authentication.logout.LogoutFilter@58e3ea76, org.springframework.security.oauth2.client.web.OAuth2AuthorizationRequestRedirectFilter@3279992f, org.springframework.security.oauth2.client.web.OAuth2LoginAuthenticationFilter@31b8a447, org.springframework.security.web.authentication.ui.DefaultLoginPageGeneratingFilter@1bf865fe, org.springframework.security.web.authentication.ui.DefaultLogoutPageGeneratingFilter@6259373, org.springframework.security.web.savedrequest.RequestCacheAwareFilter@6dab1031, org.springframework.security.web.servletapi.SecurityContextHolderAwareRequestFilter@6dfbbdf5, org.springframework.security.web.authentication.AnonymousAuthenticationFilter@78ebc279, org.springframework.security.web.session.SessionManagementFilter@5e750014, org.springframework.security.web.access.ExceptionTranslationFilter@397f0dcb, org.springframework.security.web.access.intercept.FilterSecurityInterceptor@12b2e620]
2021-03-20 11:44:53.100  INFO 19300 --- [    Test worker] o.s.s.concurrent.ThreadPoolTaskExecutor  : Initializing ExecutorService 'applicationTaskExecutor'
2021-03-20 11:44:53.148  INFO 19300 --- [    Test worker] o.s.b.a.h2.H2ConsoleAutoConfiguration    : H2 console available at '/h2-console'. Database available at 'jdbc:h2:mem:eab4b7cb-4967-455b-96f3-ce18c17e532b'
2021-03-20 11:44:53.212  INFO 19300 --- [    Test worker] o.s.b.a.w.s.WelcomePageHandlerMapping    : Adding welcome page template: index
2021-03-20 11:44:54.062  INFO 19300 --- [    Test worker] s.a.ScheduledAnnotationBeanPostProcessor : No TaskScheduler/ScheduledExecutorService bean found for scheduled processing
2021-03-20 11:44:54.083  INFO 19300 --- [    Test worker] c.h.b.domain.posts.PostsRepositoryTest   : Started PostsRepositoryTest in 7.843 seconds (JVM running for 14.683)
Hibernate: insert into posts (create_date, modified_date, author, content, title) values (?, ?, ?, ?, ?)
Hibernate: select posts0_.id as id1_0_, posts0_.create_date as create_d2_0_, posts0_.modified_date as modified3_0_, posts0_.author as author4_0_, posts0_.content as content5_0_, posts0_.title as title6_0_ from posts posts0_
Hibernate: select posts0_.id as id1_0_, posts0_.create_date as create_d2_0_, posts0_.modified_date as modified3_0_, posts0_.author as author4_0_, posts0_.content as content5_0_, posts0_.title as title6_0_ from posts posts0_
Hibernate: delete from posts where id=?
Hibernate: insert into posts (create_date, modified_date, author, content, title) values (?, ?, ?, ?, ?)
Hibernate: select posts0_.id as id1_0_, posts0_.create_date as create_d2_0_, posts0_.modified_date as modified3_0_, posts0_.author as author4_0_, posts0_.content as content5_0_, posts0_.title as title6_0_ from posts posts0_
>>>>>>>>>>>>createDate = 2021-03-20T11:44:54.585809, modifiedDate = 2021-03-20T11:44:54.585809
Hibernate: select posts0_.id as id1_0_, posts0_.create_date as create_d2_0_, posts0_.modified_date as modified3_0_, posts0_.author as author4_0_, posts0_.content as content5_0_, posts0_.title as title6_0_ from posts posts0_
Hibernate: delete from posts where id=?
]]></system-out>
  <system-err><![CDATA[]]></system-err>
</testsuite>
