<?xml version="1.0" encoding="UTF-8"?>
<testsuite name="com.huchuchu.book.web.HelloControllerTest" tests="2" skipped="0" failures="0" errors="0" timestamp="2021-04-03T05:09:28" hostname="DESKTOP-ESCRG64" time="0.219">
  <properties/>
  <testcase name="hello_Dto가_리턴된다()" classname="com.huchuchu.book.web.HelloControllerTest" time="0.208"/>
  <testcase name="hello가_리턴된다()" classname="com.huchuchu.book.web.HelloControllerTest" time="0.01"/>
  <system-out><![CDATA[2021-04-03 14:09:27.467  INFO 23892 --- [    Test worker] .b.t.a.w.s.WebMvcTestContextBootstrapper : Neither @ContextConfiguration nor @ContextHierarchy found for test class [com.huchuchu.book.web.HelloControllerTest], using SpringBootContextLoader
2021-04-03 14:09:27.469  INFO 23892 --- [    Test worker] o.s.t.c.support.AbstractContextLoader    : Could not detect default resource locations for test class [com.huchuchu.book.web.HelloControllerTest]: no resource found for suffixes {-context.xml, Context.groovy}.
2021-04-03 14:09:27.469  INFO 23892 --- [    Test worker] t.c.s.AnnotationConfigContextLoaderUtils : Could not detect default configuration classes for test class [com.huchuchu.book.web.HelloControllerTest]: HelloControllerTest does not declare any static, non-private, non-final, nested classes annotated with @Configuration.
2021-04-03 14:09:27.511  INFO 23892 --- [    Test worker] .b.t.c.SpringBootTestContextBootstrapper : Found @SpringBootConfiguration com.huchuchu.book.Applicaion for test class com.huchuchu.book.web.HelloControllerTest
2021-04-03 14:09:27.513  INFO 23892 --- [    Test worker] .b.t.a.w.s.WebMvcTestContextBootstrapper : Loaded default TestExecutionListener class names from location [META-INF/spring.factories]: [org.springframework.security.test.context.support.WithSecurityContextTestExecutionListener, org.springframework.security.test.context.support.ReactorContextTestExecutionListener, org.springframework.boot.test.autoconfigure.restdocs.RestDocsTestExecutionListener, org.springframework.boot.test.autoconfigure.web.client.MockRestServiceServerResetTestExecutionListener, org.springframework.boot.test.autoconfigure.web.servlet.MockMvcPrintOnlyOnFailureTestExecutionListener, org.springframework.boot.test.autoconfigure.web.servlet.WebDriverTestExecutionListener, org.springframework.boot.test.autoconfigure.webservices.client.MockWebServiceServerTestExecutionListener, org.springframework.boot.test.mock.mockito.MockitoTestExecutionListener, org.springframework.boot.test.mock.mockito.ResetMocksTestExecutionListener, org.springframework.test.context.web.ServletTestExecutionListener, org.springframework.test.context.support.DirtiesContextBeforeModesTestExecutionListener, org.springframework.test.context.support.DependencyInjectionTestExecutionListener, org.springframework.test.context.support.DirtiesContextTestExecutionListener, org.springframework.test.context.transaction.TransactionalTestExecutionListener, org.springframework.test.context.jdbc.SqlScriptsTestExecutionListener, org.springframework.test.context.event.EventPublishingTestExecutionListener]
2021-04-03 14:09:27.515  INFO 23892 --- [    Test worker] .b.t.a.w.s.WebMvcTestContextBootstrapper : Using TestExecutionListeners: [org.springframework.test.context.web.ServletTestExecutionListener@57ed657, org.springframework.test.context.support.DirtiesContextBeforeModesTestExecutionListener@cb9d860, org.springframework.boot.test.mock.mockito.MockitoTestExecutionListener@1754a020, org.springframework.boot.test.autoconfigure.SpringBootDependencyInjectionTestExecutionListener@4d96dd22, org.springframework.test.context.support.DirtiesContextTestExecutionListener@3e2966a9, org.springframework.test.context.transaction.TransactionalTestExecutionListener@7c91d3d4, org.springframework.test.context.jdbc.SqlScriptsTestExecutionListener@4ef629c6, org.springframework.security.test.context.support.WithSecurityContextTestExecutionListener@35f292f7, org.springframework.test.context.event.EventPublishingTestExecutionListener@401ba6ce, org.springframework.security.test.context.support.ReactorContextTestExecutionListener@32e6c26a, org.springframework.boot.test.autoconfigure.restdocs.RestDocsTestExecutionListener@4da165e9, org.springframework.boot.test.autoconfigure.web.client.MockRestServiceServerResetTestExecutionListener@6c653380, org.springframework.boot.test.autoconfigure.web.servlet.MockMvcPrintOnlyOnFailureTestExecutionListener@7155c514, org.springframework.boot.test.autoconfigure.web.servlet.WebDriverTestExecutionListener@75a4acc6, org.springframework.boot.test.autoconfigure.webservices.client.MockWebServiceServerTestExecutionListener@33ec01b6, org.springframework.boot.test.mock.mockito.ResetMocksTestExecutionListener@7650dd78]

  .   ____          _            __ _ _
 /\\ / ___'_ __ _ _(_)_ __  __ _ \ \ \ \
( ( )\___ | '_ | '_| | '_ \/ _` | \ \ \ \
 \\/  ___)| |_)| | | | | || (_| |  ) ) ) )
  '  |____| .__|_| |_|_| |_\__, | / / / /
 =========|_|==============|___/=/_/_/_/
 :: Spring Boot ::                (v2.4.1)

2021-04-03 14:09:27.561  INFO 23892 --- [    Test worker] c.huchuchu.book.web.HelloControllerTest  : Starting HelloControllerTest using Java 1.8.0_201 on DESKTOP-ESCRG64 with PID 23892 (started by sulki in E:\freelec-springboot2-webservice)
2021-04-03 14:09:27.562  INFO 23892 --- [    Test worker] c.huchuchu.book.web.HelloControllerTest  : No active profile set, falling back to default profiles: default
2021-04-03 14:09:28.098  INFO 23892 --- [    Test worker] o.s.s.concurrent.ThreadPoolTaskExecutor  : Initializing ExecutorService 'applicationTaskExecutor'
2021-04-03 14:09:28.149  INFO 23892 --- [    Test worker] o.s.b.a.w.s.WelcomePageHandlerMapping    : Adding welcome page template: index
2021-04-03 14:09:28.589  INFO 23892 --- [    Test worker] o.s.s.web.DefaultSecurityFilterChain     : Will secure any request with [org.springframework.security.web.context.request.async.WebAsyncManagerIntegrationFilter@a7542eb, org.springframework.security.web.context.SecurityContextPersistenceFilter@ad6e4ce, org.springframework.security.web.header.HeaderWriterFilter@3a111db1, org.springframework.security.web.csrf.CsrfFilter@7a136205, org.springframework.security.web.authentication.logout.LogoutFilter@25288cb9, org.springframework.security.oauth2.client.web.OAuth2AuthorizationRequestRedirectFilter@7ca75220, org.springframework.security.oauth2.client.web.OAuth2AuthorizationRequestRedirectFilter@52ddd4c6, org.springframework.security.oauth2.client.web.OAuth2LoginAuthenticationFilter@6f7f2661, org.springframework.security.web.authentication.ui.DefaultLoginPageGeneratingFilter@68ade1a0, org.springframework.security.web.authentication.ui.DefaultLogoutPageGeneratingFilter@366f9762, org.springframework.security.web.savedrequest.RequestCacheAwareFilter@6b04c99d, org.springframework.security.web.servletapi.SecurityContextHolderAwareRequestFilter@59cabdd9, org.springframework.security.web.authentication.AnonymousAuthenticationFilter@760db1c1, org.springframework.security.oauth2.client.web.OAuth2AuthorizationCodeGrantFilter@4fb1f27c, org.springframework.security.web.session.SessionManagementFilter@5bf343bc, org.springframework.security.web.access.ExceptionTranslationFilter@1c4fbf86, org.springframework.security.web.access.intercept.FilterSecurityInterceptor@35834cec]
2021-04-03 14:09:28.719  INFO 23892 --- [    Test worker] o.s.b.t.m.w.SpringBootMockServletContext : Initializing Spring TestDispatcherServlet ''
2021-04-03 14:09:28.719  INFO 23892 --- [    Test worker] o.s.t.web.servlet.TestDispatcherServlet  : Initializing Servlet ''
2021-04-03 14:09:28.720  INFO 23892 --- [    Test worker] o.s.t.web.servlet.TestDispatcherServlet  : Completed initialization in 1 ms
2021-04-03 14:09:28.739  INFO 23892 --- [    Test worker] c.huchuchu.book.web.HelloControllerTest  : Started HelloControllerTest in 1.219 seconds (JVM running for 12.487)
]]></system-out>
  <system-err><![CDATA[]]></system-err>
</testsuite>
