<?xml version="1.0" encoding="UTF-8"?>
<testsuite name="com.huchuchu.book.web.PostsApiControllerTest" tests="2" skipped="0" failures="0" errors="0" timestamp="2021-04-04T12:56:58" hostname="DESKTOP-ESCRG64" time="0.255">
  <properties/>
  <testcase name="Posts_등록된다()" classname="com.huchuchu.book.web.PostsApiControllerTest" time="0.191"/>
  <testcase name="Posts_수정된다()" classname="com.huchuchu.book.web.PostsApiControllerTest" time="0.06"/>
  <system-out><![CDATA[2021-04-04 21:56:58.614  INFO 22240 --- [    Test worker] .b.t.c.SpringBootTestContextBootstrapper : Neither @ContextConfiguration nor @ContextHierarchy found for test class [com.huchuchu.book.web.PostsApiControllerTest], using SpringBootContextLoader
2021-04-04 21:56:58.616  INFO 22240 --- [    Test worker] o.s.t.c.support.AbstractContextLoader    : Could not detect default resource locations for test class [com.huchuchu.book.web.PostsApiControllerTest]: no resource found for suffixes {-context.xml, Context.groovy}.
2021-04-04 21:56:58.617  INFO 22240 --- [    Test worker] t.c.s.AnnotationConfigContextLoaderUtils : Could not detect default configuration classes for test class [com.huchuchu.book.web.PostsApiControllerTest]: PostsApiControllerTest does not declare any static, non-private, non-final, nested classes annotated with @Configuration.
2021-04-04 21:56:58.622  INFO 22240 --- [    Test worker] .b.t.c.SpringBootTestContextBootstrapper : Found @SpringBootConfiguration com.huchuchu.book.Applicaion for test class com.huchuchu.book.web.PostsApiControllerTest
2021-04-04 21:56:58.625  INFO 22240 --- [    Test worker] .b.t.c.SpringBootTestContextBootstrapper : Loaded default TestExecutionListener class names from location [META-INF/spring.factories]: [org.springframework.security.test.context.support.WithSecurityContextTestExecutionListener, org.springframework.security.test.context.support.ReactorContextTestExecutionListener, org.springframework.boot.test.autoconfigure.restdocs.RestDocsTestExecutionListener, org.springframework.boot.test.autoconfigure.web.client.MockRestServiceServerResetTestExecutionListener, org.springframework.boot.test.autoconfigure.web.servlet.MockMvcPrintOnlyOnFailureTestExecutionListener, org.springframework.boot.test.autoconfigure.web.servlet.WebDriverTestExecutionListener, org.springframework.boot.test.autoconfigure.webservices.client.MockWebServiceServerTestExecutionListener, org.springframework.boot.test.mock.mockito.MockitoTestExecutionListener, org.springframework.boot.test.mock.mockito.ResetMocksTestExecutionListener, org.springframework.test.context.web.ServletTestExecutionListener, org.springframework.test.context.support.DirtiesContextBeforeModesTestExecutionListener, org.springframework.test.context.support.DependencyInjectionTestExecutionListener, org.springframework.test.context.support.DirtiesContextTestExecutionListener, org.springframework.test.context.transaction.TransactionalTestExecutionListener, org.springframework.test.context.jdbc.SqlScriptsTestExecutionListener, org.springframework.test.context.event.EventPublishingTestExecutionListener]
2021-04-04 21:56:58.627  INFO 22240 --- [    Test worker] .b.t.c.SpringBootTestContextBootstrapper : Using TestExecutionListeners: [org.springframework.test.context.web.ServletTestExecutionListener@598e7297, org.springframework.test.context.support.DirtiesContextBeforeModesTestExecutionListener@544b3f68, org.springframework.boot.test.mock.mockito.MockitoTestExecutionListener@24c0a534, org.springframework.boot.test.autoconfigure.SpringBootDependencyInjectionTestExecutionListener@7f4eb3cd, org.springframework.test.context.support.DirtiesContextTestExecutionListener@55fe6c79, org.springframework.test.context.transaction.TransactionalTestExecutionListener@58c3b9d1, org.springframework.test.context.jdbc.SqlScriptsTestExecutionListener@790b5ef8, org.springframework.security.test.context.support.WithSecurityContextTestExecutionListener@73d15acf, org.springframework.test.context.event.EventPublishingTestExecutionListener@556a6d68, org.springframework.security.test.context.support.ReactorContextTestExecutionListener@10225b25, org.springframework.boot.test.autoconfigure.restdocs.RestDocsTestExecutionListener@33fd3b47, org.springframework.boot.test.autoconfigure.web.client.MockRestServiceServerResetTestExecutionListener@4a0318d5, org.springframework.boot.test.autoconfigure.web.servlet.MockMvcPrintOnlyOnFailureTestExecutionListener@4c042dd0, org.springframework.boot.test.autoconfigure.web.servlet.WebDriverTestExecutionListener@4efdbc06, org.springframework.boot.test.autoconfigure.webservices.client.MockWebServiceServerTestExecutionListener@1400819d, org.springframework.boot.test.mock.mockito.ResetMocksTestExecutionListener@4617f678]
2021-04-04 21:56:58.651  INFO 22240 --- [    Test worker] o.a.c.c.C.[Tomcat].[localhost].[/]       : Initializing Spring TestDispatcherServlet ''
2021-04-04 21:56:58.651  INFO 22240 --- [    Test worker] o.s.t.web.servlet.TestDispatcherServlet  : Initializing Servlet ''
2021-04-04 21:56:58.653  INFO 22240 --- [    Test worker] o.s.t.web.servlet.TestDispatcherServlet  : Completed initialization in 2 ms
Hibernate: insert into posts (create_date, modified_date, author, content, title) values (?, ?, ?, ?, ?)
Hibernate: select posts0_.id as id1_0_, posts0_.create_date as create_d2_0_, posts0_.modified_date as modified3_0_, posts0_.author as author4_0_, posts0_.content as content5_0_, posts0_.title as title6_0_ from posts posts0_
Hibernate: select posts0_.id as id1_0_, posts0_.create_date as create_d2_0_, posts0_.modified_date as modified3_0_, posts0_.author as author4_0_, posts0_.content as content5_0_, posts0_.title as title6_0_ from posts posts0_
Hibernate: delete from posts where id=?
2021-04-04 21:56:58.836  INFO 22240 --- [    Test worker] o.a.c.c.C.[Tomcat].[localhost].[/]       : Initializing Spring TestDispatcherServlet ''
2021-04-04 21:56:58.837  INFO 22240 --- [    Test worker] o.s.t.web.servlet.TestDispatcherServlet  : Initializing Servlet ''
2021-04-04 21:56:58.841  INFO 22240 --- [    Test worker] o.s.t.web.servlet.TestDispatcherServlet  : Completed initialization in 3 ms
Hibernate: insert into posts (create_date, modified_date, author, content, title) values (?, ?, ?, ?, ?)
Hibernate: select posts0_.id as id1_0_0_, posts0_.create_date as create_d2_0_0_, posts0_.modified_date as modified3_0_0_, posts0_.author as author4_0_0_, posts0_.content as content5_0_0_, posts0_.title as title6_0_0_ from posts posts0_ where posts0_.id=?
Hibernate: update posts set create_date=?, modified_date=?, author=?, content=?, title=? where id=?
Hibernate: select posts0_.id as id1_0_, posts0_.create_date as create_d2_0_, posts0_.modified_date as modified3_0_, posts0_.author as author4_0_, posts0_.content as content5_0_, posts0_.title as title6_0_ from posts posts0_
Hibernate: select posts0_.id as id1_0_, posts0_.create_date as create_d2_0_, posts0_.modified_date as modified3_0_, posts0_.author as author4_0_, posts0_.content as content5_0_, posts0_.title as title6_0_ from posts posts0_
Hibernate: delete from posts where id=?
]]></system-out>
  <system-err><![CDATA[]]></system-err>
</testsuite>
