<?xml version="1.0" encoding="UTF-8"?>
<testsuite name="com.huchuchu.book.web.IndexControllerTest" tests="1" skipped="0" failures="0" errors="0" timestamp="2021-04-04T12:56:58" hostname="DESKTOP-ESCRG64" time="0.309">
  <properties/>
  <testcase name="메인페이지_로딩()" classname="com.huchuchu.book.web.IndexControllerTest" time="0.309"/>
  <system-out><![CDATA[2021-04-04 21:56:55.716  INFO 22240 --- [    Test worker] .b.t.c.SpringBootTestContextBootstrapper : Neither @ContextConfiguration nor @ContextHierarchy found for test class [com.huchuchu.book.web.IndexControllerTest], using SpringBootContextLoader
2021-04-04 21:56:55.717  INFO 22240 --- [    Test worker] o.s.t.c.support.AbstractContextLoader    : Could not detect default resource locations for test class [com.huchuchu.book.web.IndexControllerTest]: no resource found for suffixes {-context.xml, Context.groovy}.
2021-04-04 21:56:55.717  INFO 22240 --- [    Test worker] t.c.s.AnnotationConfigContextLoaderUtils : Could not detect default configuration classes for test class [com.huchuchu.book.web.IndexControllerTest]: IndexControllerTest does not declare any static, non-private, non-final, nested classes annotated with @Configuration.
2021-04-04 21:56:55.720  INFO 22240 --- [    Test worker] .b.t.c.SpringBootTestContextBootstrapper : Found @SpringBootConfiguration com.huchuchu.book.Applicaion for test class com.huchuchu.book.web.IndexControllerTest
2021-04-04 21:56:55.723  INFO 22240 --- [    Test worker] .b.t.c.SpringBootTestContextBootstrapper : Loaded default TestExecutionListener class names from location [META-INF/spring.factories]: [org.springframework.security.test.context.support.WithSecurityContextTestExecutionListener, org.springframework.security.test.context.support.ReactorContextTestExecutionListener, org.springframework.boot.test.autoconfigure.restdocs.RestDocsTestExecutionListener, org.springframework.boot.test.autoconfigure.web.client.MockRestServiceServerResetTestExecutionListener, org.springframework.boot.test.autoconfigure.web.servlet.MockMvcPrintOnlyOnFailureTestExecutionListener, org.springframework.boot.test.autoconfigure.web.servlet.WebDriverTestExecutionListener, org.springframework.boot.test.autoconfigure.webservices.client.MockWebServiceServerTestExecutionListener, org.springframework.boot.test.mock.mockito.MockitoTestExecutionListener, org.springframework.boot.test.mock.mockito.ResetMocksTestExecutionListener, org.springframework.test.context.web.ServletTestExecutionListener, org.springframework.test.context.support.DirtiesContextBeforeModesTestExecutionListener, org.springframework.test.context.support.DependencyInjectionTestExecutionListener, org.springframework.test.context.support.DirtiesContextTestExecutionListener, org.springframework.test.context.transaction.TransactionalTestExecutionListener, org.springframework.test.context.jdbc.SqlScriptsTestExecutionListener, org.springframework.test.context.event.EventPublishingTestExecutionListener]
2021-04-04 21:56:55.724  INFO 22240 --- [    Test worker] .b.t.c.SpringBootTestContextBootstrapper : Using TestExecutionListeners: [org.springframework.test.context.web.ServletTestExecutionListener@69c891db, org.springframework.test.context.support.DirtiesContextBeforeModesTestExecutionListener@4529fb0, org.springframework.boot.test.mock.mockito.MockitoTestExecutionListener@6cb309fc, org.springframework.boot.test.autoconfigure.SpringBootDependencyInjectionTestExecutionListener@59126a3e, org.springframework.test.context.support.DirtiesContextTestExecutionListener@74f96e8e, org.springframework.test.context.transaction.TransactionalTestExecutionListener@64c6c0be, org.springframework.test.context.jdbc.SqlScriptsTestExecutionListener@10ced933, org.springframework.security.test.context.support.WithSecurityContextTestExecutionListener@5a47128e, org.springframework.test.context.event.EventPublishingTestExecutionListener@65f58a56, org.springframework.security.test.context.support.ReactorContextTestExecutionListener@37647566, org.springframework.boot.test.autoconfigure.restdocs.RestDocsTestExecutionListener@518535f8, org.springframework.boot.test.autoconfigure.web.client.MockRestServiceServerResetTestExecutionListener@33349e24, org.springframework.boot.test.autoconfigure.web.servlet.MockMvcPrintOnlyOnFailureTestExecutionListener@7a5a152e, org.springframework.boot.test.autoconfigure.web.servlet.WebDriverTestExecutionListener@6e819046, org.springframework.boot.test.autoconfigure.webservices.client.MockWebServiceServerTestExecutionListener@1653429b, org.springframework.boot.test.mock.mockito.ResetMocksTestExecutionListener@1812bcb]

  .   ____          _            __ _ _
 /\\ / ___'_ __ _ _(_)_ __  __ _ \ \ \ \
( ( )\___ | '_ | '_| | '_ \/ _` | \ \ \ \
 \\/  ___)| |_)| | | | | || (_| |  ) ) ) )
  '  |____| .__|_| |_|_| |_\__, | / / / /
 =========|_|==============|___/=/_/_/_/
 :: Spring Boot ::                (v2.4.1)

2021-04-04 21:56:55.788  INFO 22240 --- [    Test worker] c.huchuchu.book.web.IndexControllerTest  : Starting IndexControllerTest using Java 1.8.0_201 on DESKTOP-ESCRG64 with PID 22240 (started by sulki in E:\freelec-springboot2-webservice)
2021-04-04 21:56:55.789  INFO 22240 --- [    Test worker] c.huchuchu.book.web.IndexControllerTest  : No active profile set, falling back to default profiles: default
2021-04-04 21:56:56.106  INFO 22240 --- [    Test worker] .s.d.r.c.RepositoryConfigurationDelegate : Bootstrapping Spring Data JPA repositories in DEFAULT mode.
2021-04-04 21:56:56.129  INFO 22240 --- [    Test worker] .s.d.r.c.RepositoryConfigurationDelegate : Finished Spring Data repository scanning in 22 ms. Found 2 JPA repository interfaces.
2021-04-04 21:56:56.519  INFO 22240 --- [    Test worker] o.s.b.w.embedded.tomcat.TomcatWebServer  : Tomcat initialized with port(s): 0 (http)
2021-04-04 21:56:56.537  INFO 22240 --- [    Test worker] o.apache.catalina.core.StandardService   : Starting service [Tomcat]
2021-04-04 21:56:56.537  INFO 22240 --- [    Test worker] org.apache.catalina.core.StandardEngine  : Starting Servlet engine: [Apache Tomcat/9.0.41]
2021-04-04 21:56:56.813  INFO 22240 --- [    Test worker] o.a.c.c.C.[Tomcat].[localhost].[/]       : Initializing Spring embedded WebApplicationContext
2021-04-04 21:56:56.813  INFO 22240 --- [    Test worker] w.s.c.ServletWebServerApplicationContext : Root WebApplicationContext: initialization completed in 1019 ms
2021-04-04 21:56:56.874  INFO 22240 --- [    Test worker] com.zaxxer.hikari.HikariDataSource       : HikariPool-2 - Starting...
2021-04-04 21:56:56.877  INFO 22240 --- [    Test worker] com.zaxxer.hikari.HikariDataSource       : HikariPool-2 - Start completed.
2021-04-04 21:56:56.877  INFO 22240 --- [    Test worker] o.s.b.a.h2.H2ConsoleAutoConfiguration    : H2 console available at '/h2-console'. Database available at 'jdbc:h2:mem:ed54714d-adf4-40a6-94f2-ca6dfcf02cb3'
2021-04-04 21:56:57.104  INFO 22240 --- [    Test worker] o.hibernate.jpa.internal.util.LogHelper  : HHH000204: Processing PersistenceUnitInfo [name: default]
2021-04-04 21:56:57.111  INFO 22240 --- [    Test worker] org.hibernate.dialect.Dialect            : HHH000400: Using dialect: org.hibernate.dialect.MySQL5InnoDBDialect
Hibernate: drop table if exists posts
Hibernate: drop table if exists user
Hibernate: create table posts (id bigint not null auto_increment, create_date datetime, modified_date datetime, author varchar(255), content TEXT not null, title varchar(500) not null, primary key (id)) engine=InnoDB
Hibernate: create table user (id bigint not null auto_increment, create_date datetime, modified_date datetime, email varchar(255) not null, name varchar(255) not null, picture varchar(255), role varchar(255) not null, primary key (id)) engine=InnoDB
2021-04-04 21:56:57.188  INFO 22240 --- [    Test worker] o.h.e.t.j.p.i.JtaPlatformInitiator       : HHH000490: Using JtaPlatform implementation: [org.hibernate.engine.transaction.jta.platform.internal.NoJtaPlatform]
2021-04-04 21:56:57.188  INFO 22240 --- [    Test worker] j.LocalContainerEntityManagerFactoryBean : Initialized JPA EntityManagerFactory for persistence unit 'default'
2021-04-04 21:56:57.524  WARN 22240 --- [    Test worker] JpaBaseConfiguration$JpaWebConfiguration : spring.jpa.open-in-view is enabled by default. Therefore, database queries may be performed during view rendering. Explicitly configure spring.jpa.open-in-view to disable this warning
2021-04-04 21:56:57.780  INFO 22240 --- [    Test worker] o.s.s.web.DefaultSecurityFilterChain     : Will secure any request with [org.springframework.security.web.context.request.async.WebAsyncManagerIntegrationFilter@9aa1abd, org.springframework.security.web.context.SecurityContextPersistenceFilter@6c0dcd75, org.springframework.security.web.header.HeaderWriterFilter@7e7a78b1, org.springframework.security.web.authentication.logout.LogoutFilter@ceddbcf, org.springframework.security.oauth2.client.web.OAuth2AuthorizationRequestRedirectFilter@53894326, org.springframework.security.oauth2.client.web.OAuth2LoginAuthenticationFilter@74cb9aae, org.springframework.security.web.authentication.ui.DefaultLoginPageGeneratingFilter@44a9279b, org.springframework.security.web.authentication.ui.DefaultLogoutPageGeneratingFilter@1403b25e, org.springframework.security.web.savedrequest.RequestCacheAwareFilter@5d82ed1d, org.springframework.security.web.servletapi.SecurityContextHolderAwareRequestFilter@7010a9ec, org.springframework.security.web.authentication.AnonymousAuthenticationFilter@d8a438b, org.springframework.security.web.session.SessionManagementFilter@2e6cd78, org.springframework.security.web.access.ExceptionTranslationFilter@3ba153ea, org.springframework.security.web.access.intercept.FilterSecurityInterceptor@4b1ad5db]
2021-04-04 21:56:57.926  INFO 22240 --- [    Test worker] o.s.s.concurrent.ThreadPoolTaskExecutor  : Initializing ExecutorService 'applicationTaskExecutor'
2021-04-04 21:56:57.979  INFO 22240 --- [    Test worker] o.s.b.a.w.s.WelcomePageHandlerMapping    : Adding welcome page template: index
2021-04-04 21:56:58.285  INFO 22240 --- [    Test worker] o.s.b.w.embedded.tomcat.TomcatWebServer  : Tomcat started on port(s): 2107 (http) with context path ''
2021-04-04 21:56:58.291  INFO 22240 --- [    Test worker] s.a.ScheduledAnnotationBeanPostProcessor : No TaskScheduler/ScheduledExecutorService bean found for scheduled processing
2021-04-04 21:56:58.292  INFO 22240 --- [    Test worker] c.huchuchu.book.web.IndexControllerTest  : Started IndexControllerTest in 2.563 seconds (JVM running for 17.216)
2021-04-04 21:56:58.442  INFO 22240 --- [o-auto-1-exec-1] o.a.c.c.C.[Tomcat].[localhost].[/]       : Initializing Spring DispatcherServlet 'dispatcherServlet'
2021-04-04 21:56:58.442  INFO 22240 --- [o-auto-1-exec-1] o.s.web.servlet.DispatcherServlet        : Initializing Servlet 'dispatcherServlet'
2021-04-04 21:56:58.443  INFO 22240 --- [o-auto-1-exec-1] o.s.web.servlet.DispatcherServlet        : Completed initialization in 1 ms
Hibernate: select posts0_.id as id1_0_, posts0_.create_date as create_d2_0_, posts0_.modified_date as modified3_0_, posts0_.author as author4_0_, posts0_.content as content5_0_, posts0_.title as title6_0_ from posts posts0_ order by posts0_.id DESC
]]></system-out>
  <system-err><![CDATA[]]></system-err>
</testsuite>
