<?xml version="1.0" encoding="UTF-8"?>
<testsuite name="com.huchuchu.book.web.IndexControllerTest" tests="1" skipped="0" failures="0" errors="0" timestamp="2021-04-03T05:09:31" hostname="DESKTOP-ESCRG64" time="0.238">
  <properties/>
  <testcase name="메인페이지_로딩()" classname="com.huchuchu.book.web.IndexControllerTest" time="0.238"/>
  <system-out><![CDATA[2021-04-03 14:09:28.967  INFO 23892 --- [    Test worker] .b.t.c.SpringBootTestContextBootstrapper : Neither @ContextConfiguration nor @ContextHierarchy found for test class [com.huchuchu.book.web.IndexControllerTest], using SpringBootContextLoader
2021-04-03 14:09:28.968  INFO 23892 --- [    Test worker] o.s.t.c.support.AbstractContextLoader    : Could not detect default resource locations for test class [com.huchuchu.book.web.IndexControllerTest]: no resource found for suffixes {-context.xml, Context.groovy}.
2021-04-03 14:09:28.968  INFO 23892 --- [    Test worker] t.c.s.AnnotationConfigContextLoaderUtils : Could not detect default configuration classes for test class [com.huchuchu.book.web.IndexControllerTest]: IndexControllerTest does not declare any static, non-private, non-final, nested classes annotated with @Configuration.
2021-04-03 14:09:28.971  INFO 23892 --- [    Test worker] .b.t.c.SpringBootTestContextBootstrapper : Found @SpringBootConfiguration com.huchuchu.book.Applicaion for test class com.huchuchu.book.web.IndexControllerTest
2021-04-03 14:09:28.973  INFO 23892 --- [    Test worker] .b.t.c.SpringBootTestContextBootstrapper : Loaded default TestExecutionListener class names from location [META-INF/spring.factories]: [org.springframework.security.test.context.support.WithSecurityContextTestExecutionListener, org.springframework.security.test.context.support.ReactorContextTestExecutionListener, org.springframework.boot.test.autoconfigure.restdocs.RestDocsTestExecutionListener, org.springframework.boot.test.autoconfigure.web.client.MockRestServiceServerResetTestExecutionListener, org.springframework.boot.test.autoconfigure.web.servlet.MockMvcPrintOnlyOnFailureTestExecutionListener, org.springframework.boot.test.autoconfigure.web.servlet.WebDriverTestExecutionListener, org.springframework.boot.test.autoconfigure.webservices.client.MockWebServiceServerTestExecutionListener, org.springframework.boot.test.mock.mockito.MockitoTestExecutionListener, org.springframework.boot.test.mock.mockito.ResetMocksTestExecutionListener, org.springframework.test.context.web.ServletTestExecutionListener, org.springframework.test.context.support.DirtiesContextBeforeModesTestExecutionListener, org.springframework.test.context.support.DependencyInjectionTestExecutionListener, org.springframework.test.context.support.DirtiesContextTestExecutionListener, org.springframework.test.context.transaction.TransactionalTestExecutionListener, org.springframework.test.context.jdbc.SqlScriptsTestExecutionListener, org.springframework.test.context.event.EventPublishingTestExecutionListener]
2021-04-03 14:09:28.975  INFO 23892 --- [    Test worker] .b.t.c.SpringBootTestContextBootstrapper : Using TestExecutionListeners: [org.springframework.test.context.web.ServletTestExecutionListener@7a5a152e, org.springframework.test.context.support.DirtiesContextBeforeModesTestExecutionListener@6e819046, org.springframework.boot.test.mock.mockito.MockitoTestExecutionListener@1653429b, org.springframework.boot.test.autoconfigure.SpringBootDependencyInjectionTestExecutionListener@1812bcb, org.springframework.test.context.support.DirtiesContextTestExecutionListener@2bd8adb0, org.springframework.test.context.transaction.TransactionalTestExecutionListener@49b90b2d, org.springframework.test.context.jdbc.SqlScriptsTestExecutionListener@45f2df1b, org.springframework.security.test.context.support.WithSecurityContextTestExecutionListener@4da57b1d, org.springframework.test.context.event.EventPublishingTestExecutionListener@23fefa34, org.springframework.security.test.context.support.ReactorContextTestExecutionListener@229f7d05, org.springframework.boot.test.autoconfigure.restdocs.RestDocsTestExecutionListener@7146644a, org.springframework.boot.test.autoconfigure.web.client.MockRestServiceServerResetTestExecutionListener@17dd84ec, org.springframework.boot.test.autoconfigure.web.servlet.MockMvcPrintOnlyOnFailureTestExecutionListener@4326e379, org.springframework.boot.test.autoconfigure.web.servlet.WebDriverTestExecutionListener@1a08c94d, org.springframework.boot.test.autoconfigure.webservices.client.MockWebServiceServerTestExecutionListener@582e9a72, org.springframework.boot.test.mock.mockito.ResetMocksTestExecutionListener@23af8f7f]

  .   ____          _            __ _ _
 /\\ / ___'_ __ _ _(_)_ __  __ _ \ \ \ \
( ( )\___ | '_ | '_| | '_ \/ _` | \ \ \ \
 \\/  ___)| |_)| | | | | || (_| |  ) ) ) )
  '  |____| .__|_| |_|_| |_\__, | / / / /
 =========|_|==============|___/=/_/_/_/
 :: Spring Boot ::                (v2.4.1)

2021-04-03 14:09:29.015  INFO 23892 --- [    Test worker] c.huchuchu.book.web.IndexControllerTest  : Starting IndexControllerTest using Java 1.8.0_201 on DESKTOP-ESCRG64 with PID 23892 (started by sulki in E:\freelec-springboot2-webservice)
2021-04-03 14:09:29.016  INFO 23892 --- [    Test worker] c.huchuchu.book.web.IndexControllerTest  : No active profile set, falling back to default profiles: default
2021-04-03 14:09:29.296  INFO 23892 --- [    Test worker] .s.d.r.c.RepositoryConfigurationDelegate : Bootstrapping Spring Data JPA repositories in DEFAULT mode.
2021-04-03 14:09:29.315  INFO 23892 --- [    Test worker] .s.d.r.c.RepositoryConfigurationDelegate : Finished Spring Data repository scanning in 19 ms. Found 2 JPA repository interfaces.
2021-04-03 14:09:29.723  INFO 23892 --- [    Test worker] o.s.b.w.embedded.tomcat.TomcatWebServer  : Tomcat initialized with port(s): 0 (http)
2021-04-03 14:09:29.741  INFO 23892 --- [    Test worker] o.apache.catalina.core.StandardService   : Starting service [Tomcat]
2021-04-03 14:09:29.742  INFO 23892 --- [    Test worker] org.apache.catalina.core.StandardEngine  : Starting Servlet engine: [Apache Tomcat/9.0.41]
2021-04-03 14:09:30.008  INFO 23892 --- [    Test worker] o.a.c.c.C.[Tomcat].[localhost].[/]       : Initializing Spring embedded WebApplicationContext
2021-04-03 14:09:30.009  INFO 23892 --- [    Test worker] w.s.c.ServletWebServerApplicationContext : Root WebApplicationContext: initialization completed in 989 ms
2021-04-03 14:09:30.075  INFO 23892 --- [    Test worker] com.zaxxer.hikari.HikariDataSource       : HikariPool-2 - Starting...
2021-04-03 14:09:30.078  INFO 23892 --- [    Test worker] com.zaxxer.hikari.HikariDataSource       : HikariPool-2 - Start completed.
2021-04-03 14:09:30.078  INFO 23892 --- [    Test worker] o.s.b.a.h2.H2ConsoleAutoConfiguration    : H2 console available at '/h2-console'. Database available at 'jdbc:h2:mem:ff0d611d-adf9-4cf7-ad02-b577a7ce962e'
2021-04-03 14:09:30.303  INFO 23892 --- [    Test worker] o.hibernate.jpa.internal.util.LogHelper  : HHH000204: Processing PersistenceUnitInfo [name: default]
2021-04-03 14:09:30.311  INFO 23892 --- [    Test worker] org.hibernate.dialect.Dialect            : HHH000400: Using dialect: org.hibernate.dialect.MySQL5InnoDBDialect
Hibernate: drop table if exists posts
Hibernate: drop table if exists user
Hibernate: create table posts (id bigint not null auto_increment, create_date datetime, modified_date datetime, author varchar(255), content TEXT not null, title varchar(500) not null, primary key (id)) engine=InnoDB
Hibernate: create table user (id bigint not null auto_increment, create_date datetime, modified_date datetime, email varchar(255) not null, name varchar(255) not null, picture varchar(255), role varchar(255) not null, primary key (id)) engine=InnoDB
2021-04-03 14:09:30.385  INFO 23892 --- [    Test worker] o.h.e.t.j.p.i.JtaPlatformInitiator       : HHH000490: Using JtaPlatform implementation: [org.hibernate.engine.transaction.jta.platform.internal.NoJtaPlatform]
2021-04-03 14:09:30.386  INFO 23892 --- [    Test worker] j.LocalContainerEntityManagerFactoryBean : Initialized JPA EntityManagerFactory for persistence unit 'default'
2021-04-03 14:09:30.777  WARN 23892 --- [    Test worker] JpaBaseConfiguration$JpaWebConfiguration : spring.jpa.open-in-view is enabled by default. Therefore, database queries may be performed during view rendering. Explicitly configure spring.jpa.open-in-view to disable this warning
2021-04-03 14:09:31.027  INFO 23892 --- [    Test worker] o.s.s.web.DefaultSecurityFilterChain     : Will secure any request with [org.springframework.security.web.context.request.async.WebAsyncManagerIntegrationFilter@2537615a, org.springframework.security.web.context.SecurityContextPersistenceFilter@398c4d65, org.springframework.security.web.header.HeaderWriterFilter@74df393b, org.springframework.security.web.authentication.logout.LogoutFilter@3b08d298, org.springframework.security.oauth2.client.web.OAuth2AuthorizationRequestRedirectFilter@6a84ac48, org.springframework.security.oauth2.client.web.OAuth2LoginAuthenticationFilter@47cf4891, org.springframework.security.web.authentication.ui.DefaultLoginPageGeneratingFilter@42ab541a, org.springframework.security.web.authentication.ui.DefaultLogoutPageGeneratingFilter@548c97ed, org.springframework.security.web.savedrequest.RequestCacheAwareFilter@7a6b0ac7, org.springframework.security.web.servletapi.SecurityContextHolderAwareRequestFilter@77f0f250, org.springframework.security.web.authentication.AnonymousAuthenticationFilter@1b2597d8, org.springframework.security.web.session.SessionManagementFilter@5b5dc662, org.springframework.security.web.access.ExceptionTranslationFilter@79475c77, org.springframework.security.web.access.intercept.FilterSecurityInterceptor@2a4b7029]
2021-04-03 14:09:31.170  INFO 23892 --- [    Test worker] o.s.s.concurrent.ThreadPoolTaskExecutor  : Initializing ExecutorService 'applicationTaskExecutor'
2021-04-03 14:09:31.210  INFO 23892 --- [    Test worker] o.s.b.a.w.s.WelcomePageHandlerMapping    : Adding welcome page template: index
2021-04-03 14:09:31.485  INFO 23892 --- [    Test worker] o.s.b.w.embedded.tomcat.TomcatWebServer  : Tomcat started on port(s): 14120 (http) with context path ''
2021-04-03 14:09:31.491  INFO 23892 --- [    Test worker] s.a.ScheduledAnnotationBeanPostProcessor : No TaskScheduler/ScheduledExecutorService bean found for scheduled processing
2021-04-03 14:09:31.492  INFO 23892 --- [    Test worker] c.huchuchu.book.web.IndexControllerTest  : Started IndexControllerTest in 2.514 seconds (JVM running for 15.241)
2021-04-03 14:09:31.616  INFO 23892 --- [o-auto-1-exec-1] o.a.c.c.C.[Tomcat].[localhost].[/]       : Initializing Spring DispatcherServlet 'dispatcherServlet'
2021-04-03 14:09:31.616  INFO 23892 --- [o-auto-1-exec-1] o.s.web.servlet.DispatcherServlet        : Initializing Servlet 'dispatcherServlet'
2021-04-03 14:09:31.617  INFO 23892 --- [o-auto-1-exec-1] o.s.web.servlet.DispatcherServlet        : Completed initialization in 1 ms
Hibernate: select posts0_.id as id1_0_, posts0_.create_date as create_d2_0_, posts0_.modified_date as modified3_0_, posts0_.author as author4_0_, posts0_.content as content5_0_, posts0_.title as title6_0_ from posts posts0_ order by posts0_.id DESC
]]></system-out>
  <system-err><![CDATA[]]></system-err>
</testsuite>
