<?xml version="1.0" encoding="UTF-8"?>
<testsuite name="com.huchuchu.book.domain.posts.PostsRepositoryTest" tests="2" skipped="0" failures="0" errors="0" timestamp="2021-04-04T12:56:53" hostname="DESKTOP-ESCRG64" time="0.589">
  <properties/>
  <testcase name="게시글저장_불러오기()" classname="com.huchuchu.book.domain.posts.PostsRepositoryTest" time="0.527"/>
  <testcase name="BaseTimeEntity_등록()" classname="com.huchuchu.book.domain.posts.PostsRepositoryTest" time="0.06"/>
  <system-out><![CDATA[21:56:43.292 [Test worker] DEBUG org.springframework.test.context.BootstrapUtils - Instantiating CacheAwareContextLoaderDelegate from class [org.springframework.test.context.cache.DefaultCacheAwareContextLoaderDelegate]
21:56:43.315 [Test worker] DEBUG org.springframework.test.context.BootstrapUtils - Instantiating BootstrapContext using constructor [public org.springframework.test.context.support.DefaultBootstrapContext(java.lang.Class,org.springframework.test.context.CacheAwareContextLoaderDelegate)]
21:56:43.366 [Test worker] DEBUG org.springframework.test.context.BootstrapUtils - Instantiating TestContextBootstrapper for test class [com.huchuchu.book.domain.posts.PostsRepositoryTest] from class [org.springframework.boot.test.context.SpringBootTestContextBootstrapper]
21:56:43.387 [Test worker] INFO org.springframework.boot.test.context.SpringBootTestContextBootstrapper - Neither @ContextConfiguration nor @ContextHierarchy found for test class [com.huchuchu.book.domain.posts.PostsRepositoryTest], using SpringBootContextLoader
21:56:43.396 [Test worker] DEBUG org.springframework.test.context.support.AbstractContextLoader - Did not detect default resource location for test class [com.huchuchu.book.domain.posts.PostsRepositoryTest]: class path resource [com/huchuchu/book/domain/posts/PostsRepositoryTest-context.xml] does not exist
21:56:43.397 [Test worker] DEBUG org.springframework.test.context.support.AbstractContextLoader - Did not detect default resource location for test class [com.huchuchu.book.domain.posts.PostsRepositoryTest]: class path resource [com/huchuchu/book/domain/posts/PostsRepositoryTestContext.groovy] does not exist
21:56:43.397 [Test worker] INFO org.springframework.test.context.support.AbstractContextLoader - Could not detect default resource locations for test class [com.huchuchu.book.domain.posts.PostsRepositoryTest]: no resource found for suffixes {-context.xml, Context.groovy}.
21:56:43.399 [Test worker] INFO org.springframework.test.context.support.AnnotationConfigContextLoaderUtils - Could not detect default configuration classes for test class [com.huchuchu.book.domain.posts.PostsRepositoryTest]: PostsRepositoryTest does not declare any static, non-private, non-final, nested classes annotated with @Configuration.
21:56:43.479 [Test worker] DEBUG org.springframework.test.context.support.ActiveProfilesUtils - Could not find an 'annotation declaring class' for annotation type [org.springframework.test.context.ActiveProfiles] and class [com.huchuchu.book.domain.posts.PostsRepositoryTest]
21:56:43.588 [Test worker] DEBUG org.springframework.context.annotation.ClassPathScanningCandidateComponentProvider - Identified candidate component class: file [E:\freelec-springboot2-webservice\build\classes\java\main\com\huchuchu\book\Applicaion.class]
21:56:43.590 [Test worker] INFO org.springframework.boot.test.context.SpringBootTestContextBootstrapper - Found @SpringBootConfiguration com.huchuchu.book.Applicaion for test class com.huchuchu.book.domain.posts.PostsRepositoryTest
21:56:43.779 [Test worker] DEBUG org.springframework.boot.test.context.SpringBootTestContextBootstrapper - @TestExecutionListeners is not present for class [com.huchuchu.book.domain.posts.PostsRepositoryTest]: using defaults.
21:56:43.780 [Test worker] INFO org.springframework.boot.test.context.SpringBootTestContextBootstrapper - Loaded default TestExecutionListener class names from location [META-INF/spring.factories]: [org.springframework.security.test.context.support.WithSecurityContextTestExecutionListener, org.springframework.security.test.context.support.ReactorContextTestExecutionListener, org.springframework.boot.test.autoconfigure.restdocs.RestDocsTestExecutionListener, org.springframework.boot.test.autoconfigure.web.client.MockRestServiceServerResetTestExecutionListener, org.springframework.boot.test.autoconfigure.web.servlet.MockMvcPrintOnlyOnFailureTestExecutionListener, org.springframework.boot.test.autoconfigure.web.servlet.WebDriverTestExecutionListener, org.springframework.boot.test.autoconfigure.webservices.client.MockWebServiceServerTestExecutionListener, org.springframework.boot.test.mock.mockito.MockitoTestExecutionListener, org.springframework.boot.test.mock.mockito.ResetMocksTestExecutionListener, org.springframework.test.context.web.ServletTestExecutionListener, org.springframework.test.context.support.DirtiesContextBeforeModesTestExecutionListener, org.springframework.test.context.support.DependencyInjectionTestExecutionListener, org.springframework.test.context.support.DirtiesContextTestExecutionListener, org.springframework.test.context.transaction.TransactionalTestExecutionListener, org.springframework.test.context.jdbc.SqlScriptsTestExecutionListener, org.springframework.test.context.event.EventPublishingTestExecutionListener]
21:56:43.817 [Test worker] INFO org.springframework.boot.test.context.SpringBootTestContextBootstrapper - Using TestExecutionListeners: [org.springframework.test.context.web.ServletTestExecutionListener@777c4081, org.springframework.test.context.support.DirtiesContextBeforeModesTestExecutionListener@2b774154, org.springframework.boot.test.mock.mockito.MockitoTestExecutionListener@5954063c, org.springframework.boot.test.autoconfigure.SpringBootDependencyInjectionTestExecutionListener@754bd3ca, org.springframework.test.context.support.DirtiesContextTestExecutionListener@6026fdaa, org.springframework.test.context.transaction.TransactionalTestExecutionListener@714a7d1b, org.springframework.test.context.jdbc.SqlScriptsTestExecutionListener@856e0e8, org.springframework.security.test.context.support.WithSecurityContextTestExecutionListener@2328a7ab, org.springframework.test.context.event.EventPublishingTestExecutionListener@7434c5c9, org.springframework.security.test.context.support.ReactorContextTestExecutionListener@5634dcf1, org.springframework.boot.test.autoconfigure.restdocs.RestDocsTestExecutionListener@695a277f, org.springframework.boot.test.autoconfigure.web.client.MockRestServiceServerResetTestExecutionListener@f29c000, org.springframework.boot.test.autoconfigure.web.servlet.MockMvcPrintOnlyOnFailureTestExecutionListener@5d6156a1, org.springframework.boot.test.autoconfigure.web.servlet.WebDriverTestExecutionListener@2d42daa8, org.springframework.boot.test.autoconfigure.webservices.client.MockWebServiceServerTestExecutionListener@159b71a0, org.springframework.boot.test.mock.mockito.ResetMocksTestExecutionListener@54f39ad3]
21:56:43.824 [Test worker] DEBUG org.springframework.test.context.support.AbstractDirtiesContextTestExecutionListener - Before test class: context [DefaultTestContext@2b367fc2 testClass = PostsRepositoryTest, testInstance = [null], testMethod = [null], testException = [null], mergedContextConfiguration = [WebMergedContextConfiguration@2e3cdd0f testClass = PostsRepositoryTest, locations = '{}', classes = '{class com.huchuchu.book.Applicaion}', contextInitializerClasses = '[]', activeProfiles = '{}', propertySourceLocations = '{}', propertySourceProperties = '{org.springframework.boot.test.context.SpringBootTestContextBootstrapper=true}', contextCustomizers = set[org.springframework.boot.test.autoconfigure.actuate.metrics.MetricsExportContextCustomizerFactory$DisableMetricExportContextCustomizer@5c74c20e, org.springframework.boot.test.autoconfigure.properties.PropertyMappingContextCustomizer@0, org.springframework.boot.test.autoconfigure.web.servlet.WebDriverContextCustomizerFactory$Customizer@efe46a5, org.springframework.boot.test.context.filter.ExcludeFilterContextCustomizer@6beebf9c, org.springframework.boot.test.json.DuplicateJsonObjectContextCustomizerFactory$DuplicateJsonObjectContextCustomizer@19dd2ddf, org.springframework.boot.test.mock.mockito.MockitoContextCustomizer@0, org.springframework.boot.test.web.client.TestRestTemplateContextCustomizer@3b3b12b9, org.springframework.boot.test.context.SpringBootTestArgs@1, org.springframework.boot.test.context.SpringBootTestWebEnvironment@c879710], resourceBasePath = 'src/main/webapp', contextLoader = 'org.springframework.boot.test.context.SpringBootContextLoader', parent = [null]], attributes = map['org.springframework.test.context.web.ServletTestExecutionListener.activateListener' -> true]], class annotated with @DirtiesContext [false] with mode [null].
21:56:43.867 [Test worker] DEBUG org.springframework.test.context.support.TestPropertySourceUtils - Adding inlined properties to environment: {spring.jmx.enabled=false, org.springframework.boot.test.context.SpringBootTestContextBootstrapper=true}

  .   ____          _            __ _ _
 /\\ / ___'_ __ _ _(_)_ __  __ _ \ \ \ \
( ( )\___ | '_ | '_| | '_ \/ _` | \ \ \ \
 \\/  ___)| |_)| | | | | || (_| |  ) ) ) )
  '  |____| .__|_| |_|_| |_\__, | / / / /
 =========|_|==============|___/=/_/_/_/
 :: Spring Boot ::                (v2.4.1)

2021-04-04 21:56:44.359  INFO 22240 --- [    Test worker] c.h.b.domain.posts.PostsRepositoryTest   : Starting PostsRepositoryTest using Java 1.8.0_201 on DESKTOP-ESCRG64 with PID 22240 (started by sulki in E:\freelec-springboot2-webservice)
2021-04-04 21:56:44.363  INFO 22240 --- [    Test worker] c.h.b.domain.posts.PostsRepositoryTest   : No active profile set, falling back to default profiles: default
2021-04-04 21:56:45.521  INFO 22240 --- [    Test worker] .s.d.r.c.RepositoryConfigurationDelegate : Bootstrapping Spring Data JPA repositories in DEFAULT mode.
2021-04-04 21:56:45.636  INFO 22240 --- [    Test worker] .s.d.r.c.RepositoryConfigurationDelegate : Finished Spring Data repository scanning in 103 ms. Found 2 JPA repository interfaces.
2021-04-04 21:56:46.518  INFO 22240 --- [    Test worker] com.zaxxer.hikari.HikariDataSource       : HikariPool-1 - Starting...
2021-04-04 21:56:46.848  INFO 22240 --- [    Test worker] com.zaxxer.hikari.HikariDataSource       : HikariPool-1 - Start completed.
2021-04-04 21:56:46.959  INFO 22240 --- [    Test worker] o.hibernate.jpa.internal.util.LogHelper  : HHH000204: Processing PersistenceUnitInfo [name: default]
2021-04-04 21:56:47.080  INFO 22240 --- [    Test worker] org.hibernate.Version                    : HHH000412: Hibernate ORM core version 5.4.25.Final
2021-04-04 21:56:47.368  INFO 22240 --- [    Test worker] o.hibernate.annotations.common.Version   : HCANN000001: Hibernate Commons Annotations {5.1.2.Final}
2021-04-04 21:56:47.608  INFO 22240 --- [    Test worker] org.hibernate.dialect.Dialect            : HHH000400: Using dialect: org.hibernate.dialect.MySQL5InnoDBDialect
Hibernate: drop table if exists posts
Hibernate: drop table if exists user
Hibernate: create table posts (id bigint not null auto_increment, create_date datetime, modified_date datetime, author varchar(255), content TEXT not null, title varchar(500) not null, primary key (id)) engine=InnoDB
Hibernate: create table user (id bigint not null auto_increment, create_date datetime, modified_date datetime, email varchar(255) not null, name varchar(255) not null, picture varchar(255), role varchar(255) not null, primary key (id)) engine=InnoDB
2021-04-04 21:56:48.737  INFO 22240 --- [    Test worker] o.h.e.t.j.p.i.JtaPlatformInitiator       : HHH000490: Using JtaPlatform implementation: [org.hibernate.engine.transaction.jta.platform.internal.NoJtaPlatform]
2021-04-04 21:56:48.753  INFO 22240 --- [    Test worker] j.LocalContainerEntityManagerFactoryBean : Initialized JPA EntityManagerFactory for persistence unit 'default'
2021-04-04 21:56:49.839  WARN 22240 --- [    Test worker] JpaBaseConfiguration$JpaWebConfiguration : spring.jpa.open-in-view is enabled by default. Therefore, database queries may be performed during view rendering. Explicitly configure spring.jpa.open-in-view to disable this warning
2021-04-04 21:56:51.064  INFO 22240 --- [    Test worker] o.s.s.web.DefaultSecurityFilterChain     : Will secure any request with [org.springframework.security.web.context.request.async.WebAsyncManagerIntegrationFilter@5ad96e50, org.springframework.security.web.context.SecurityContextPersistenceFilter@65a30644, org.springframework.security.web.header.HeaderWriterFilter@76910ce, org.springframework.security.web.authentication.logout.LogoutFilter@26e1071c, org.springframework.security.oauth2.client.web.OAuth2AuthorizationRequestRedirectFilter@4bce95f1, org.springframework.security.oauth2.client.web.OAuth2LoginAuthenticationFilter@f30e20f, org.springframework.security.web.authentication.ui.DefaultLoginPageGeneratingFilter@10642247, org.springframework.security.web.authentication.ui.DefaultLogoutPageGeneratingFilter@39277e42, org.springframework.security.web.savedrequest.RequestCacheAwareFilter@4562ef87, org.springframework.security.web.servletapi.SecurityContextHolderAwareRequestFilter@232233eb, org.springframework.security.web.authentication.AnonymousAuthenticationFilter@37929e81, org.springframework.security.web.session.SessionManagementFilter@50a95f2f, org.springframework.security.web.access.ExceptionTranslationFilter@1db98d86, org.springframework.security.web.access.intercept.FilterSecurityInterceptor@6236af3]
2021-04-04 21:56:52.269  INFO 22240 --- [    Test worker] o.s.s.concurrent.ThreadPoolTaskExecutor  : Initializing ExecutorService 'applicationTaskExecutor'
2021-04-04 21:56:52.364  INFO 22240 --- [    Test worker] o.s.b.a.h2.H2ConsoleAutoConfiguration    : H2 console available at '/h2-console'. Database available at 'jdbc:h2:mem:4bb60f03-b862-4b02-9635-fe930dd091dc'
2021-04-04 21:56:52.517  INFO 22240 --- [    Test worker] o.s.b.a.w.s.WelcomePageHandlerMapping    : Adding welcome page template: index
2021-04-04 21:56:53.453  INFO 22240 --- [    Test worker] s.a.ScheduledAnnotationBeanPostProcessor : No TaskScheduler/ScheduledExecutorService bean found for scheduled processing
2021-04-04 21:56:53.467  INFO 22240 --- [    Test worker] c.h.b.domain.posts.PostsRepositoryTest   : Started PostsRepositoryTest in 9.589 seconds (JVM running for 12.391)
Hibernate: insert into posts (create_date, modified_date, author, content, title) values (?, ?, ?, ?, ?)
Hibernate: select posts0_.id as id1_0_, posts0_.create_date as create_d2_0_, posts0_.modified_date as modified3_0_, posts0_.author as author4_0_, posts0_.content as content5_0_, posts0_.title as title6_0_ from posts posts0_
Hibernate: select posts0_.id as id1_0_, posts0_.create_date as create_d2_0_, posts0_.modified_date as modified3_0_, posts0_.author as author4_0_, posts0_.content as content5_0_, posts0_.title as title6_0_ from posts posts0_
Hibernate: delete from posts where id=?
Hibernate: insert into posts (create_date, modified_date, author, content, title) values (?, ?, ?, ?, ?)
Hibernate: select posts0_.id as id1_0_, posts0_.create_date as create_d2_0_, posts0_.modified_date as modified3_0_, posts0_.author as author4_0_, posts0_.content as content5_0_, posts0_.title as title6_0_ from posts posts0_
>>>>>>>>>>>>createDate = 2021-04-04T21:56:54.032, modifiedDate = 2021-04-04T21:56:54.032
Hibernate: select posts0_.id as id1_0_, posts0_.create_date as create_d2_0_, posts0_.modified_date as modified3_0_, posts0_.author as author4_0_, posts0_.content as content5_0_, posts0_.title as title6_0_ from posts posts0_
Hibernate: delete from posts where id=?
]]></system-out>
  <system-err><![CDATA[]]></system-err>
</testsuite>
