<?xml version="1.0" encoding="UTF-8"?>
<testsuite name="com.huchuchu.book.web.HelloControllerTest" tests="2" skipped="0" failures="0" errors="0" timestamp="2021-03-20T03:06:19" hostname="DESKTOP-ESCRG64" time="0.354">
  <properties/>
  <testcase name="hello_Dto가_리턴된다()" classname="com.huchuchu.book.web.HelloControllerTest" time="0.331"/>
  <testcase name="hello가_리턴된다()" classname="com.huchuchu.book.web.HelloControllerTest" time="0.021"/>
  <system-out><![CDATA[2021-03-20 12:06:17.295  INFO 13172 --- [    Test worker] .b.t.a.w.s.WebMvcTestContextBootstrapper : Neither @ContextConfiguration nor @ContextHierarchy found for test class [com.huchuchu.book.web.HelloControllerTest], using SpringBootContextLoader
2021-03-20 12:06:17.299  INFO 13172 --- [    Test worker] o.s.t.c.support.AbstractContextLoader    : Could not detect default resource locations for test class [com.huchuchu.book.web.HelloControllerTest]: no resource found for suffixes {-context.xml, Context.groovy}.
2021-03-20 12:06:17.299  INFO 13172 --- [    Test worker] t.c.s.AnnotationConfigContextLoaderUtils : Could not detect default configuration classes for test class [com.huchuchu.book.web.HelloControllerTest]: HelloControllerTest does not declare any static, non-private, non-final, nested classes annotated with @Configuration.
2021-03-20 12:06:17.338  INFO 13172 --- [    Test worker] .b.t.c.SpringBootTestContextBootstrapper : Found @SpringBootConfiguration com.huchuchu.book.Applicaion for test class com.huchuchu.book.web.HelloControllerTest
2021-03-20 12:06:17.341  INFO 13172 --- [    Test worker] .b.t.a.w.s.WebMvcTestContextBootstrapper : Loaded default TestExecutionListener class names from location [META-INF/spring.factories]: [org.springframework.security.test.context.support.WithSecurityContextTestExecutionListener, org.springframework.security.test.context.support.ReactorContextTestExecutionListener, org.springframework.boot.test.autoconfigure.restdocs.RestDocsTestExecutionListener, org.springframework.boot.test.autoconfigure.web.client.MockRestServiceServerResetTestExecutionListener, org.springframework.boot.test.autoconfigure.web.servlet.MockMvcPrintOnlyOnFailureTestExecutionListener, org.springframework.boot.test.autoconfigure.web.servlet.WebDriverTestExecutionListener, org.springframework.boot.test.autoconfigure.webservices.client.MockWebServiceServerTestExecutionListener, org.springframework.boot.test.mock.mockito.MockitoTestExecutionListener, org.springframework.boot.test.mock.mockito.ResetMocksTestExecutionListener, org.springframework.test.context.web.ServletTestExecutionListener, org.springframework.test.context.support.DirtiesContextBeforeModesTestExecutionListener, org.springframework.test.context.support.DependencyInjectionTestExecutionListener, org.springframework.test.context.support.DirtiesContextTestExecutionListener, org.springframework.test.context.transaction.TransactionalTestExecutionListener, org.springframework.test.context.jdbc.SqlScriptsTestExecutionListener, org.springframework.test.context.event.EventPublishingTestExecutionListener]
2021-03-20 12:06:17.344  INFO 13172 --- [    Test worker] .b.t.a.w.s.WebMvcTestContextBootstrapper : Using TestExecutionListeners: [org.springframework.test.context.web.ServletTestExecutionListener@a192fe9, org.springframework.test.context.support.DirtiesContextBeforeModesTestExecutionListener@3fab551d, org.springframework.boot.test.mock.mockito.MockitoTestExecutionListener@3bf9caf6, org.springframework.boot.test.autoconfigure.SpringBootDependencyInjectionTestExecutionListener@77c6bf8, org.springframework.test.context.support.DirtiesContextTestExecutionListener@44d96a99, org.springframework.test.context.transaction.TransactionalTestExecutionListener@213fcca2, org.springframework.test.context.jdbc.SqlScriptsTestExecutionListener@54641c09, org.springframework.security.test.context.support.WithSecurityContextTestExecutionListener@30a38ed6, org.springframework.test.context.event.EventPublishingTestExecutionListener@3f21a7f9, org.springframework.security.test.context.support.ReactorContextTestExecutionListener@60a42663, org.springframework.boot.test.autoconfigure.restdocs.RestDocsTestExecutionListener@14d4ea2a, org.springframework.boot.test.autoconfigure.web.client.MockRestServiceServerResetTestExecutionListener@382d0358, org.springframework.boot.test.autoconfigure.web.servlet.MockMvcPrintOnlyOnFailureTestExecutionListener@a0175cb, org.springframework.boot.test.autoconfigure.web.servlet.WebDriverTestExecutionListener@4b57ddd6, org.springframework.boot.test.autoconfigure.webservices.client.MockWebServiceServerTestExecutionListener@7861fb2c, org.springframework.boot.test.mock.mockito.ResetMocksTestExecutionListener@280600bb]

  .   ____          _            __ _ _
 /\\ / ___'_ __ _ _(_)_ __  __ _ \ \ \ \
( ( )\___ | '_ | '_| | '_ \/ _` | \ \ \ \
 \\/  ___)| |_)| | | | | || (_| |  ) ) ) )
  '  |____| .__|_| |_|_| |_\__, | / / / /
 =========|_|==============|___/=/_/_/_/
 :: Spring Boot ::                (v2.4.1)

2021-03-20 12:06:17.390  INFO 13172 --- [    Test worker] c.huchuchu.book.web.HelloControllerTest  : Starting HelloControllerTest using Java 11.0.10 on DESKTOP-ESCRG64 with PID 13172 (started by sulki in E:\freelec-springboot2-webservice)
2021-03-20 12:06:17.393  INFO 13172 --- [    Test worker] c.huchuchu.book.web.HelloControllerTest  : No active profile set, falling back to default profiles: default
2021-03-20 12:06:18.150  INFO 13172 --- [    Test worker] o.s.s.concurrent.ThreadPoolTaskExecutor  : Initializing ExecutorService 'applicationTaskExecutor'
2021-03-20 12:06:18.235  INFO 13172 --- [    Test worker] o.s.b.a.w.s.WelcomePageHandlerMapping    : Adding welcome page template: index
2021-03-20 12:06:18.981  INFO 13172 --- [    Test worker] o.s.s.web.DefaultSecurityFilterChain     : Will secure any request with [org.springframework.security.web.context.request.async.WebAsyncManagerIntegrationFilter@14b2599a, org.springframework.security.web.context.SecurityContextPersistenceFilter@538b7cf9, org.springframework.security.web.header.HeaderWriterFilter@f28c253, org.springframework.security.web.csrf.CsrfFilter@13c97e27, org.springframework.security.web.authentication.logout.LogoutFilter@74ffb77, org.springframework.security.oauth2.client.web.OAuth2AuthorizationRequestRedirectFilter@3606a627, org.springframework.security.oauth2.client.web.OAuth2AuthorizationRequestRedirectFilter@28ce435b, org.springframework.security.oauth2.client.web.OAuth2LoginAuthenticationFilter@16396cc3, org.springframework.security.web.authentication.ui.DefaultLoginPageGeneratingFilter@7d63a3bd, org.springframework.security.web.authentication.ui.DefaultLogoutPageGeneratingFilter@25823817, org.springframework.security.web.savedrequest.RequestCacheAwareFilter@4167662d, org.springframework.security.web.servletapi.SecurityContextHolderAwareRequestFilter@8940e08, org.springframework.security.web.authentication.AnonymousAuthenticationFilter@58a55742, org.springframework.security.oauth2.client.web.OAuth2AuthorizationCodeGrantFilter@3dac52e, org.springframework.security.web.session.SessionManagementFilter@379615c0, org.springframework.security.web.access.ExceptionTranslationFilter@5748a6db, org.springframework.security.web.access.intercept.FilterSecurityInterceptor@1bb696b8]
2021-03-20 12:06:19.178  INFO 13172 --- [    Test worker] o.s.b.t.m.w.SpringBootMockServletContext : Initializing Spring TestDispatcherServlet ''
2021-03-20 12:06:19.178  INFO 13172 --- [    Test worker] o.s.t.web.servlet.TestDispatcherServlet  : Initializing Servlet ''
2021-03-20 12:06:19.179  INFO 13172 --- [    Test worker] o.s.t.web.servlet.TestDispatcherServlet  : Completed initialization in 1 ms
2021-03-20 12:06:19.214  INFO 13172 --- [    Test worker] c.huchuchu.book.web.HelloControllerTest  : Started HelloControllerTest in 1.864 seconds (JVM running for 13.991)
]]></system-out>
  <system-err><![CDATA[]]></system-err>
</testsuite>
