<?xml version="1.0" encoding="UTF-8"?>
<testsuite name="com.huchuchu.book.web.HelloControllerTest" tests="2" skipped="0" failures="0" errors="0" timestamp="2021-04-04T12:56:55" hostname="DESKTOP-ESCRG64" time="0.238">
  <properties/>
  <testcase name="hello_Dto가_리턴된다()" classname="com.huchuchu.book.web.HelloControllerTest" time="0.221"/>
  <testcase name="hello가_리턴된다()" classname="com.huchuchu.book.web.HelloControllerTest" time="0.016"/>
  <system-out><![CDATA[2021-04-04 21:56:54.126  INFO 22240 --- [    Test worker] .b.t.a.w.s.WebMvcTestContextBootstrapper : Neither @ContextConfiguration nor @ContextHierarchy found for test class [com.huchuchu.book.web.HelloControllerTest], using SpringBootContextLoader
2021-04-04 21:56:54.127  INFO 22240 --- [    Test worker] o.s.t.c.support.AbstractContextLoader    : Could not detect default resource locations for test class [com.huchuchu.book.web.HelloControllerTest]: no resource found for suffixes {-context.xml, Context.groovy}.
2021-04-04 21:56:54.128  INFO 22240 --- [    Test worker] t.c.s.AnnotationConfigContextLoaderUtils : Could not detect default configuration classes for test class [com.huchuchu.book.web.HelloControllerTest]: HelloControllerTest does not declare any static, non-private, non-final, nested classes annotated with @Configuration.
2021-04-04 21:56:54.187  INFO 22240 --- [    Test worker] .b.t.c.SpringBootTestContextBootstrapper : Found @SpringBootConfiguration com.huchuchu.book.Applicaion for test class com.huchuchu.book.web.HelloControllerTest
2021-04-04 21:56:54.190  INFO 22240 --- [    Test worker] .b.t.a.w.s.WebMvcTestContextBootstrapper : Loaded default TestExecutionListener class names from location [META-INF/spring.factories]: [org.springframework.security.test.context.support.WithSecurityContextTestExecutionListener, org.springframework.security.test.context.support.ReactorContextTestExecutionListener, org.springframework.boot.test.autoconfigure.restdocs.RestDocsTestExecutionListener, org.springframework.boot.test.autoconfigure.web.client.MockRestServiceServerResetTestExecutionListener, org.springframework.boot.test.autoconfigure.web.servlet.MockMvcPrintOnlyOnFailureTestExecutionListener, org.springframework.boot.test.autoconfigure.web.servlet.WebDriverTestExecutionListener, org.springframework.boot.test.autoconfigure.webservices.client.MockWebServiceServerTestExecutionListener, org.springframework.boot.test.mock.mockito.MockitoTestExecutionListener, org.springframework.boot.test.mock.mockito.ResetMocksTestExecutionListener, org.springframework.test.context.web.ServletTestExecutionListener, org.springframework.test.context.support.DirtiesContextBeforeModesTestExecutionListener, org.springframework.test.context.support.DependencyInjectionTestExecutionListener, org.springframework.test.context.support.DirtiesContextTestExecutionListener, org.springframework.test.context.transaction.TransactionalTestExecutionListener, org.springframework.test.context.jdbc.SqlScriptsTestExecutionListener, org.springframework.test.context.event.EventPublishingTestExecutionListener]
2021-04-04 21:56:54.193  INFO 22240 --- [    Test worker] .b.t.a.w.s.WebMvcTestContextBootstrapper : Using TestExecutionListeners: [org.springframework.test.context.web.ServletTestExecutionListener@3f58497d, org.springframework.test.context.support.DirtiesContextBeforeModesTestExecutionListener@2dba0d13, org.springframework.boot.test.mock.mockito.MockitoTestExecutionListener@122811a3, org.springframework.boot.test.autoconfigure.SpringBootDependencyInjectionTestExecutionListener@68b39168, org.springframework.test.context.support.DirtiesContextTestExecutionListener@15dd2ea2, org.springframework.test.context.transaction.TransactionalTestExecutionListener@68726b9f, org.springframework.test.context.jdbc.SqlScriptsTestExecutionListener@3a85ca3b, org.springframework.security.test.context.support.WithSecurityContextTestExecutionListener@4e4924d2, org.springframework.test.context.event.EventPublishingTestExecutionListener@321dab87, org.springframework.security.test.context.support.ReactorContextTestExecutionListener@49c810c8, org.springframework.boot.test.autoconfigure.restdocs.RestDocsTestExecutionListener@5d08cfd8, org.springframework.boot.test.autoconfigure.web.client.MockRestServiceServerResetTestExecutionListener@5ae00f1f, org.springframework.boot.test.autoconfigure.web.servlet.MockMvcPrintOnlyOnFailureTestExecutionListener@57ed657, org.springframework.boot.test.autoconfigure.web.servlet.WebDriverTestExecutionListener@cb9d860, org.springframework.boot.test.autoconfigure.webservices.client.MockWebServiceServerTestExecutionListener@1754a020, org.springframework.boot.test.mock.mockito.ResetMocksTestExecutionListener@4d96dd22]

  .   ____          _            __ _ _
 /\\ / ___'_ __ _ _(_)_ __  __ _ \ \ \ \
( ( )\___ | '_ | '_| | '_ \/ _` | \ \ \ \
 \\/  ___)| |_)| | | | | || (_| |  ) ) ) )
  '  |____| .__|_| |_|_| |_\__, | / / / /
 =========|_|==============|___/=/_/_/_/
 :: Spring Boot ::                (v2.4.1)

2021-04-04 21:56:54.267  INFO 22240 --- [    Test worker] c.huchuchu.book.web.HelloControllerTest  : Starting HelloControllerTest using Java 1.8.0_201 on DESKTOP-ESCRG64 with PID 22240 (started by sulki in E:\freelec-springboot2-webservice)
2021-04-04 21:56:54.270  INFO 22240 --- [    Test worker] c.huchuchu.book.web.HelloControllerTest  : No active profile set, falling back to default profiles: default
2021-04-04 21:56:54.802  INFO 22240 --- [    Test worker] o.s.s.concurrent.ThreadPoolTaskExecutor  : Initializing ExecutorService 'applicationTaskExecutor'
2021-04-04 21:56:54.842  INFO 22240 --- [    Test worker] o.s.b.a.w.s.WelcomePageHandlerMapping    : Adding welcome page template: index
2021-04-04 21:56:55.315  INFO 22240 --- [    Test worker] o.s.s.web.DefaultSecurityFilterChain     : Will secure any request with [org.springframework.security.web.context.request.async.WebAsyncManagerIntegrationFilter@6405ad19, org.springframework.security.web.context.SecurityContextPersistenceFilter@3758bd66, org.springframework.security.web.header.HeaderWriterFilter@490b961c, org.springframework.security.web.csrf.CsrfFilter@cdc1ab4, org.springframework.security.web.authentication.logout.LogoutFilter@7e9c54bf, org.springframework.security.oauth2.client.web.OAuth2AuthorizationRequestRedirectFilter@3a111db1, org.springframework.security.oauth2.client.web.OAuth2AuthorizationRequestRedirectFilter@6b04c99d, org.springframework.security.oauth2.client.web.OAuth2LoginAuthenticationFilter@5bf343bc, org.springframework.security.web.authentication.ui.DefaultLoginPageGeneratingFilter@7741a85c, org.springframework.security.web.authentication.ui.DefaultLogoutPageGeneratingFilter@53880875, org.springframework.security.web.savedrequest.RequestCacheAwareFilter@4d288f87, org.springframework.security.web.servletapi.SecurityContextHolderAwareRequestFilter@58065b48, org.springframework.security.web.authentication.AnonymousAuthenticationFilter@32a40bf9, org.springframework.security.oauth2.client.web.OAuth2AuthorizationCodeGrantFilter@25288cb9, org.springframework.security.web.session.SessionManagementFilter@256e3c33, org.springframework.security.web.access.ExceptionTranslationFilter@227b0e24, org.springframework.security.web.access.intercept.FilterSecurityInterceptor@1c4fbf86]
2021-04-04 21:56:55.445  INFO 22240 --- [    Test worker] o.s.b.t.m.w.SpringBootMockServletContext : Initializing Spring TestDispatcherServlet ''
2021-04-04 21:56:55.445  INFO 22240 --- [    Test worker] o.s.t.web.servlet.TestDispatcherServlet  : Initializing Servlet ''
2021-04-04 21:56:55.446  INFO 22240 --- [    Test worker] o.s.t.web.servlet.TestDispatcherServlet  : Completed initialization in 1 ms
2021-04-04 21:56:55.468  INFO 22240 --- [    Test worker] c.huchuchu.book.web.HelloControllerTest  : Started HelloControllerTest in 1.271 seconds (JVM running for 14.392)
]]></system-out>
  <system-err><![CDATA[]]></system-err>
</testsuite>
