<?xml version="1.0" encoding="UTF-8"?>
<testsuite name="com.huchuchu.book.web.IndexControllerTest" tests="1" skipped="0" failures="0" errors="0" timestamp="2021-03-20T02:44:59" hostname="DESKTOP-ESCRG64" time="0.42">
  <properties/>
  <testcase name="메인페이지_로딩()" classname="com.huchuchu.book.web.IndexControllerTest" time="0.42"/>
  <system-out><![CDATA[2021-03-20 11:44:54.630  INFO 19300 --- [    Test worker] .b.t.c.SpringBootTestContextBootstrapper : Neither @ContextConfiguration nor @ContextHierarchy found for test class [com.huchuchu.book.web.IndexControllerTest], using SpringBootContextLoader
2021-03-20 11:44:54.632  INFO 19300 --- [    Test worker] o.s.t.c.support.AbstractContextLoader    : Could not detect default resource locations for test class [com.huchuchu.book.web.IndexControllerTest]: no resource found for suffixes {-context.xml, Context.groovy}.
2021-03-20 11:44:54.633  INFO 19300 --- [    Test worker] t.c.s.AnnotationConfigContextLoaderUtils : Could not detect default configuration classes for test class [com.huchuchu.book.web.IndexControllerTest]: IndexControllerTest does not declare any static, non-private, non-final, nested classes annotated with @Configuration.
2021-03-20 11:44:54.637  INFO 19300 --- [    Test worker] .b.t.c.SpringBootTestContextBootstrapper : Found @SpringBootConfiguration com.huchuchu.book.Applicaion for test class com.huchuchu.book.web.IndexControllerTest
2021-03-20 11:44:54.642  INFO 19300 --- [    Test worker] .b.t.c.SpringBootTestContextBootstrapper : Loaded default TestExecutionListener class names from location [META-INF/spring.factories]: [org.springframework.security.test.context.support.WithSecurityContextTestExecutionListener, org.springframework.security.test.context.support.ReactorContextTestExecutionListener, org.springframework.boot.test.autoconfigure.restdocs.RestDocsTestExecutionListener, org.springframework.boot.test.autoconfigure.web.client.MockRestServiceServerResetTestExecutionListener, org.springframework.boot.test.autoconfigure.web.servlet.MockMvcPrintOnlyOnFailureTestExecutionListener, org.springframework.boot.test.autoconfigure.web.servlet.WebDriverTestExecutionListener, org.springframework.boot.test.autoconfigure.webservices.client.MockWebServiceServerTestExecutionListener, org.springframework.boot.test.mock.mockito.MockitoTestExecutionListener, org.springframework.boot.test.mock.mockito.ResetMocksTestExecutionListener, org.springframework.test.context.web.ServletTestExecutionListener, org.springframework.test.context.support.DirtiesContextBeforeModesTestExecutionListener, org.springframework.test.context.support.DependencyInjectionTestExecutionListener, org.springframework.test.context.support.DirtiesContextTestExecutionListener, org.springframework.test.context.transaction.TransactionalTestExecutionListener, org.springframework.test.context.jdbc.SqlScriptsTestExecutionListener, org.springframework.test.context.event.EventPublishingTestExecutionListener]
2021-03-20 11:44:54.644  INFO 19300 --- [    Test worker] .b.t.c.SpringBootTestContextBootstrapper : Using TestExecutionListeners: [org.springframework.test.context.web.ServletTestExecutionListener@526d14f, org.springframework.test.context.support.DirtiesContextBeforeModesTestExecutionListener@1890d0cb, org.springframework.boot.test.mock.mockito.MockitoTestExecutionListener@6f5171e8, org.springframework.boot.test.autoconfigure.SpringBootDependencyInjectionTestExecutionListener@1b893bf8, org.springframework.test.context.support.DirtiesContextTestExecutionListener@28962d6f, org.springframework.test.context.transaction.TransactionalTestExecutionListener@361eb63e, org.springframework.test.context.jdbc.SqlScriptsTestExecutionListener@52244f24, org.springframework.security.test.context.support.WithSecurityContextTestExecutionListener@a0e863, org.springframework.test.context.event.EventPublishingTestExecutionListener@19c4504d, org.springframework.security.test.context.support.ReactorContextTestExecutionListener@5a28ba0d, org.springframework.boot.test.autoconfigure.restdocs.RestDocsTestExecutionListener@2a058303, org.springframework.boot.test.autoconfigure.web.client.MockRestServiceServerResetTestExecutionListener@2d6195d0, org.springframework.boot.test.autoconfigure.web.servlet.MockMvcPrintOnlyOnFailureTestExecutionListener@161cfe09, org.springframework.boot.test.autoconfigure.web.servlet.WebDriverTestExecutionListener@9fbc615, org.springframework.boot.test.autoconfigure.webservices.client.MockWebServiceServerTestExecutionListener@fe051b2, org.springframework.boot.test.mock.mockito.ResetMocksTestExecutionListener@2e8e9a8b]

  .   ____          _            __ _ _
 /\\ / ___'_ __ _ _(_)_ __  __ _ \ \ \ \
( ( )\___ | '_ | '_| | '_ \/ _` | \ \ \ \
 \\/  ___)| |_)| | | | | || (_| |  ) ) ) )
  '  |____| .__|_| |_|_| |_\__, | / / / /
 =========|_|==============|___/=/_/_/_/
 :: Spring Boot ::                (v2.4.1)

2021-03-20 11:44:54.708  INFO 19300 --- [    Test worker] c.huchuchu.book.web.IndexControllerTest  : Starting IndexControllerTest using Java 11.0.10 on DESKTOP-ESCRG64 with PID 19300 (started by sulki in E:\freelec-springboot2-webservice)
2021-03-20 11:44:54.709  INFO 19300 --- [    Test worker] c.huchuchu.book.web.IndexControllerTest  : No active profile set, falling back to default profiles: default
2021-03-20 11:44:55.263  INFO 19300 --- [    Test worker] .s.d.r.c.RepositoryConfigurationDelegate : Bootstrapping Spring Data JPA repositories in DEFAULT mode.
2021-03-20 11:44:55.301  INFO 19300 --- [    Test worker] .s.d.r.c.RepositoryConfigurationDelegate : Finished Spring Data repository scanning in 37 ms. Found 2 JPA repository interfaces.
2021-03-20 11:44:56.063  INFO 19300 --- [    Test worker] o.s.b.w.embedded.tomcat.TomcatWebServer  : Tomcat initialized with port(s): 0 (http)
2021-03-20 11:44:56.094  INFO 19300 --- [    Test worker] o.apache.catalina.core.StandardService   : Starting service [Tomcat]
2021-03-20 11:44:56.095  INFO 19300 --- [    Test worker] org.apache.catalina.core.StandardEngine  : Starting Servlet engine: [Apache Tomcat/9.0.41]
2021-03-20 11:44:56.639  INFO 19300 --- [    Test worker] o.a.c.c.C.[Tomcat].[localhost].[/]       : Initializing Spring embedded WebApplicationContext
2021-03-20 11:44:56.639  INFO 19300 --- [    Test worker] w.s.c.ServletWebServerApplicationContext : Root WebApplicationContext: initialization completed in 1922 ms
2021-03-20 11:44:56.760  INFO 19300 --- [    Test worker] com.zaxxer.hikari.HikariDataSource       : HikariPool-2 - Starting...
2021-03-20 11:44:56.765  INFO 19300 --- [    Test worker] com.zaxxer.hikari.HikariDataSource       : HikariPool-2 - Start completed.
2021-03-20 11:44:56.767  INFO 19300 --- [    Test worker] o.s.b.a.h2.H2ConsoleAutoConfiguration    : H2 console available at '/h2-console'. Database available at 'jdbc:h2:mem:eb995bba-c3ce-413f-8686-6124956941eb'
2021-03-20 11:44:57.131  INFO 19300 --- [    Test worker] o.hibernate.jpa.internal.util.LogHelper  : HHH000204: Processing PersistenceUnitInfo [name: default]
2021-03-20 11:44:57.152  INFO 19300 --- [    Test worker] org.hibernate.dialect.Dialect            : HHH000400: Using dialect: org.hibernate.dialect.MySQL5InnoDBDialect
Hibernate: drop table if exists posts
Hibernate: drop table if exists user
Hibernate: create table posts (id bigint not null auto_increment, create_date datetime, modified_date datetime, author varchar(255), content TEXT not null, title varchar(500) not null, primary key (id)) engine=InnoDB
Hibernate: create table user (id bigint not null auto_increment, create_date datetime, modified_date datetime, email varchar(255) not null, name varchar(255) not null, picture varchar(255), role varchar(255) not null, primary key (id)) engine=InnoDB
2021-03-20 11:44:57.294  INFO 19300 --- [    Test worker] o.h.e.t.j.p.i.JtaPlatformInitiator       : HHH000490: Using JtaPlatform implementation: [org.hibernate.engine.transaction.jta.platform.internal.NoJtaPlatform]
2021-03-20 11:44:57.295  INFO 19300 --- [    Test worker] j.LocalContainerEntityManagerFactoryBean : Initialized JPA EntityManagerFactory for persistence unit 'default'
2021-03-20 11:44:57.923  WARN 19300 --- [    Test worker] JpaBaseConfiguration$JpaWebConfiguration : spring.jpa.open-in-view is enabled by default. Therefore, database queries may be performed during view rendering. Explicitly configure spring.jpa.open-in-view to disable this warning
2021-03-20 11:44:58.334  INFO 19300 --- [    Test worker] o.s.s.web.DefaultSecurityFilterChain     : Will secure any request with [org.springframework.security.web.context.request.async.WebAsyncManagerIntegrationFilter@2b9081ad, org.springframework.security.web.context.SecurityContextPersistenceFilter@727aff, org.springframework.security.web.header.HeaderWriterFilter@51f6db0a, org.springframework.security.web.authentication.logout.LogoutFilter@24361ce, org.springframework.security.oauth2.client.web.OAuth2AuthorizationRequestRedirectFilter@618443af, org.springframework.security.oauth2.client.web.OAuth2LoginAuthenticationFilter@62b57902, org.springframework.security.web.authentication.ui.DefaultLoginPageGeneratingFilter@29e65749, org.springframework.security.web.authentication.ui.DefaultLogoutPageGeneratingFilter@3b957218, org.springframework.security.web.savedrequest.RequestCacheAwareFilter@4cee98b4, org.springframework.security.web.servletapi.SecurityContextHolderAwareRequestFilter@2b2734a8, org.springframework.security.web.authentication.AnonymousAuthenticationFilter@78cfd7fe, org.springframework.security.web.session.SessionManagementFilter@536a3530, org.springframework.security.web.access.ExceptionTranslationFilter@70879ae7, org.springframework.security.web.access.intercept.FilterSecurityInterceptor@5608d3b4]
2021-03-20 11:44:58.596  INFO 19300 --- [    Test worker] o.s.s.concurrent.ThreadPoolTaskExecutor  : Initializing ExecutorService 'applicationTaskExecutor'
2021-03-20 11:44:58.673  INFO 19300 --- [    Test worker] o.s.b.a.w.s.WelcomePageHandlerMapping    : Adding welcome page template: index
2021-03-20 11:44:59.184  INFO 19300 --- [    Test worker] o.s.b.w.embedded.tomcat.TomcatWebServer  : Tomcat started on port(s): 4792 (http) with context path ''
2021-03-20 11:44:59.195  INFO 19300 --- [    Test worker] s.a.ScheduledAnnotationBeanPostProcessor : No TaskScheduler/ScheduledExecutorService bean found for scheduled processing
2021-03-20 11:44:59.197  INFO 19300 --- [    Test worker] c.huchuchu.book.web.IndexControllerTest  : Started IndexControllerTest in 4.548 seconds (JVM running for 19.799)
2021-03-20 11:44:59.423  INFO 19300 --- [o-auto-1-exec-1] o.a.c.c.C.[Tomcat].[localhost].[/]       : Initializing Spring DispatcherServlet 'dispatcherServlet'
2021-03-20 11:44:59.424  INFO 19300 --- [o-auto-1-exec-1] o.s.web.servlet.DispatcherServlet        : Initializing Servlet 'dispatcherServlet'
2021-03-20 11:44:59.427  INFO 19300 --- [o-auto-1-exec-1] o.s.web.servlet.DispatcherServlet        : Completed initialization in 3 ms
Hibernate: select posts0_.id as id1_0_, posts0_.create_date as create_d2_0_, posts0_.modified_date as modified3_0_, posts0_.author as author4_0_, posts0_.content as content5_0_, posts0_.title as title6_0_ from posts posts0_ order by posts0_.id DESC
]]></system-out>
  <system-err><![CDATA[]]></system-err>
</testsuite>
